<?xml version="1.0" encoding="UTF-8"?>
<!-- Generated by org.testng.reporters.JUnitReportReporter -->
<testsuite hostname="DESKTOP-Q87TDNQ" failures="0" tests="1" name="SeleniumSession.Annotation" time="4.791" errors="0" timestamp="24 May 2022 11:09:01 GMT" skipped="0">
  <testcase classname="SeleniumSession.Annotation" name="getPageTitleTest" time="4.791"/>
</testsuite> <!-- SeleniumSession.Annotation -->
