<?xml version="1.0" encoding="UTF-8"?>
<!-- Generated by org.testng.reporters.JUnitReportReporter -->
<testsuite hostname="DESKTOP-Q87TDNQ" failures="0" tests="3" name="testngsessions.TestNgAnnotatins" time="0.012" errors="0" timestamp="24 May 2022 11:09:01 GMT" skipped="0">
  <testcase classname="testngsessions.TestNgAnnotatins" name="userInfoTest" time="0.005"/>
  <testcase classname="testngsessions.TestNgAnnotatins" name="getPageTitleTest" time="0.004"/>
  <testcase classname="testngsessions.TestNgAnnotatins" name="searchTest" time="0.003"/>
</testsuite> <!-- testngsessions.TestNgAnnotatins -->
